2025-07-26 16:32:52,917 - [INFO] - 步驟 1: 初始化數據處理器...
2025-07-26 16:32:52,921 - [INFO] - 发现 2 个数据文件:
2025-07-26 16:32:52,921 - [INFO] -   - data\rawdata_0501.xlsx
2025-07-26 16:32:52,921 - [INFO] -   - data\rawdata_0601.xlsx
2025-07-26 16:32:52,921 - [INFO] - 加载文件: data\rawdata_0501.xlsx
2025-07-26 16:32:54,183 - [INFO] -   文件 rawdata_0501.xlsx: 2975 条记录
2025-07-26 16:32:54,183 - [INFO] - 加载文件: data\rawdata_0601.xlsx
2025-07-26 16:32:55,086 - [INFO] -   文件 rawdata_0601.xlsx: 2879 条记录
2025-07-26 16:32:55,111 - [INFO] - 合并后总数据: 5854 条记录
2025-07-26 16:32:55,111 - [INFO] - 数据文件概览:
2025-07-26 16:32:55,112 - [INFO] -   rawdata_0501: 2975 条记录 (rawdata_0501.xlsx)
2025-07-26 16:32:55,112 - [INFO] -   rawdata_0601: 2879 条记录 (rawdata_0601.xlsx)
2025-07-26 16:32:55,112 - [INFO] - 数据时间范围: rawdata_0501、rawdata_0601
2025-07-26 16:32:55,114 - [INFO] - 處理後的列名: ['日期', '时刻_00:15:00', '时间_2025-05-01 00:15', '预测竞价空间', '系统负荷预测数据', '联络线预测数据', '新能源出力预测数据', '发电总出力预测数据', '非市场化出力预测数据', '水电出力预测数据', '光伏出力总加预测数据', '风电出力总加预测数据', '系统负荷实际数据', '联络线实际数据', '新能源出力实际数据', '发电总出力实际数据', '非市场化机组实际出力', '水电出力实际数据', '正备用实际数据', '负备用实际数据', '日前出清电价', '日前出清电力', '日前出清机组台数', '实时出清电价', '实时出清电量', '实时出清机组台数', '日期（日）', '时间_00:15:00', '日期_2025-06-01 00:15', '预测竞价空间', '系统负荷预测数据', '联络线预测数据', '新能源出力预测数据', '发电总出力预测数据', '非市场化出力预测数据', '水电出力预测数据', '风电出力总加预测数据', '系统负荷实际数据', '联络线实际数据', '新能源出力实际数据', '发电总出力实际数据', '非市场化机组实际出力', '水电出力实际数据', '正备用实际数据', '负备用实际数据', '日前出清电价', '日前出清电力', '日前出清机组台数', '实时出清电价', '实时出清电量', '实时出清机组台数']
2025-07-26 16:32:55,115 - [INFO] - 使用 时间_2025-05-01 00:15 列作為時間索引
2025-07-26 16:32:55,135 - [INFO] - 找到目標列: 实时出清电价
2025-07-26 16:32:55,136 - [INFO] - 目標列設置為: 实时出清电价
2025-07-26 16:32:55,136 - [INFO] - 進行數據清理...
2025-07-26 16:32:55,158 - [WARNING] - 預測日期 2025-06-18 在數據範圍之外。將創建空模板用於預測。
2025-07-26 16:32:55,169 - [INFO] - 數據預處理完成，共 5950 筆記錄，時間範圍: 2025-05-01 00:30:00 - 2025-06-18 23:45:00
2025-07-26 16:32:55,170 - [INFO] - 数据加载和预处理完成
2025-07-26 16:32:55,170 - [INFO] - 步骤 2: 重新训练模型并生成预测...
2025-07-26 16:32:55,171 - [INFO] - 找到的目标列: ['实时出清电价', '实时出清电价']
2025-07-26 16:32:55,171 - [WARNING] - 发现多个目标列，使用第一个: 实时出清电价
2025-07-26 16:32:55,172 - [INFO] - 目标列: 实时出清电价
2025-07-26 16:32:55,172 - [INFO] - 数据时间范围: 2025-05-01 00:30:00 到 2025-06-18 23:45:00
2025-07-26 16:32:55,173 - [INFO] - 目标值形状: (5950,)
2025-07-26 16:32:55,173 - [INFO] - 时间戳形状: (5950,)
2025-07-26 16:32:55,174 - [INFO] - hour特征形状: (5950,)
2025-07-26 16:32:55,175 - [INFO] - 训练集大小: 4760 (时间: 2025-05-01 00:30:00 到 NaT)
2025-07-26 16:32:55,176 - [INFO] - 测试集大小: 1190 (时间: NaT 到 2025-06-18 23:45:00)
2025-07-26 16:32:55,176 - [INFO] - 特征数量: 5
2025-07-26 16:32:55,184 - [INFO] - 缺失值处理完成
2025-07-26 16:32:55,185 - [INFO] - 训练历史同期模型（修复数据泄露）...
2025-07-26 16:32:55,379 - [INFO] - 训练随机森林模型...
2025-07-26 16:32:55,379 - [INFO] - 開始訓練隨機森林模型...
2025-07-26 16:32:55,379 - [INFO] - 使用 10 次迭代和 3 折交叉驗證進行超參數搜索
2025-07-26 16:33:12,393 - [INFO] - 隨機森林模型訓練完成，最佳參數: {'n_estimators': 200, 'min_samples_split': 2, 'min_samples_leaf': 4, 'max_depth': 20, 'bootstrap': True}
2025-07-26 16:33:12,393 - [INFO] - 前5個重要特徵: {'feature_4': 0.8265378527281582, 'feature_0': 0.0735294496844975, 'feature_2': 0.06898586801231495, 'feature_1': 0.030830349165694836, 'feature_3': 0.00011648040933454824}
2025-07-26 16:33:12,421 - [INFO] - 隨機森林模型預測完成，結果大小: 1190
2025-07-26 16:33:12,422 - [INFO] - 训练线性回归模型...
2025-07-26 16:33:12,422 - [INFO] - 开始训练线性回归模型...
2025-07-26 16:33:12,422 - [INFO] - 快速模式：使用普通线性回归
2025-07-26 16:33:12,434 - [INFO] - 线性回归模型训练完成，耗时 0.01 秒
2025-07-26 16:33:12,435 - [INFO] - 选择的模型类型: linear
2025-07-26 16:33:12,435 - [INFO] - 最佳参数: {'model_type': 'linear'}
2025-07-26 16:33:12,436 - [INFO] - 训练梯度提升模型(GBDT)...
2025-07-26 16:33:12,436 - [INFO] - 开始训练梯度提升决策树(GBDT)模型...
2025-07-26 16:33:12,437 - [INFO] - 快速模式：使用默认参数训练GBDT模型
2025-07-26 16:33:12,954 - [INFO] - GBDT模型训练完成，耗时 0.52 秒
2025-07-26 16:33:12,955 - [INFO] - 最佳参数: {'alpha': 0.9, 'ccp_alpha': 0.0, 'criterion': 'friedman_mse', 'init': None, 'learning_rate': 0.1, 'loss': 'squared_error', 'max_depth': 5, 'max_features': None, 'max_leaf_nodes': None, 'min_impurity_decrease': 0.0, 'min_samples_leaf': 1, 'min_samples_split': 2, 'min_weight_fraction_leaf': 0.0, 'n_estimators': 100, 'n_iter_no_change': None, 'random_state': 42, 'subsample': 1.0, 'tol': 0.0001, 'validation_fraction': 0.1, 'verbose': 0, 'warm_start': False}
2025-07-26 16:33:12,955 - [INFO] - 前5个重要特征: {4: 0.8182575974452504, 0: 0.07536699804636404, 2: 0.07061761145409097, 1: 0.03311137531397082, 3: 0.0026464177403238277}
2025-07-26 16:33:12,958 - [INFO] - 训练XGBoost模型...
2025-07-26 16:33:12,959 - [INFO] - 開始XGBoost模型訓練...
2025-07-26 16:33:12,959 - [INFO] - 使用 20 次迭代和 3 折交叉驗證進行超參數搜索
2025-07-26 16:33:19,145 - [INFO] - XGBoost模型訓練完成，耗時 6.19 秒
2025-07-26 16:33:19,145 - [INFO] - 最佳參數: {'subsample': 0.7, 'n_estimators': 300, 'min_child_weight': 5, 'max_depth': 3, 'learning_rate': 0.01, 'colsample_bytree': 0.7}
2025-07-26 16:33:19,146 - [INFO] - 前5個重要特徵: {4: 0.5962911248207092, 2: 0.1474633663892746, 3: 0.12924660742282867, 0: 0.06674116104841232, 1: 0.060257695615291595}
2025-07-26 16:33:19,148 - [INFO] - XGBoost模型训练完成
2025-07-26 16:33:19,148 - [INFO] - 生成智能集成预测...
2025-07-26 16:33:19,148 - [INFO] - 开始智能集成模型训练，候选模型: ['historical', 'random_forest', 'linear_regression', 'gradient_boosting', 'xgboost']
2025-07-26 16:33:19,150 - [INFO] - 模型 historical: MAE=34.34, RMSE=61.61, R²=-0.1000
2025-07-26 16:33:19,155 - [INFO] - 模型 random_forest: MAE=22.28, RMSE=55.41, R²=0.1103
2025-07-26 16:33:19,157 - [INFO] - 模型 linear_regression: MAE=24.47, RMSE=54.06, R²=0.1530
2025-07-26 16:33:19,159 - [INFO] - 模型 gradient_boosting: MAE=21.49, RMSE=55.17, R²=0.1179
2025-07-26 16:33:19,161 - [INFO] - 模型 xgboost: MAE=22.66, RMSE=52.54, R²=0.2001
2025-07-26 16:33:19,162 - [INFO] - Top-K筛选: 选择前4个最佳模型
2025-07-26 16:33:19,162 - [INFO] - 最终选择的模型: ['gradient_boosting', 'random_forest', 'xgboost', 'linear_regression']
2025-07-26 16:33:19,162 - [INFO] - 被排除的模型: ['historical']
2025-07-26 16:33:19,163 - [INFO] -   historical: MAE=34.34, RMSE=61.61, R²=-0.1000
2025-07-26 16:33:19,163 - [INFO] - 集成权重分配:
2025-07-26 16:33:19,163 - [INFO] -   gradient_boosting: 0.2638
2025-07-26 16:33:19,164 - [INFO] -   random_forest: 0.2544
2025-07-26 16:33:19,164 - [INFO] -   xgboost: 0.2501
2025-07-26 16:33:19,164 - [INFO] -   linear_regression: 0.2317
2025-07-26 16:33:19,165 - [INFO] - 集成预测生成完成，预测长度: 1190
2025-07-26 16:33:19,165 - [INFO] - ✅ 智能集成完成，选择了 4 个模型: ['gradient_boosting', 'random_forest', 'xgboost', 'linear_regression']
2025-07-26 16:33:19,218 - [INFO] - ✅ 修复数据泄露后的预测结果已保存到: output/predictions/prediction_results.csv
2025-07-26 16:33:19,218 - [INFO] - 验证数据泄露修复效果:
2025-07-26 16:33:19,221 - [INFO] -   historical: 完全相同 0/1190 (0.00%), 相关性 -0.0214
2025-07-26 16:33:19,222 - [INFO] -   random_forest: 完全相同 7/1190 (0.59%), 相关性 0.4035
2025-07-26 16:33:19,222 - [INFO] -   linear_regression: 完全相同 0/1190 (0.00%), 相关性 0.4483
2025-07-26 16:33:19,222 - [INFO] -   gradient_boosting: 完全相同 0/1190 (0.00%), 相关性 0.4049
2025-07-26 16:33:19,224 - [INFO] -   xgboost: 完全相同 0/1190 (0.00%), 相关性 0.4722
2025-07-26 16:33:19,225 - [INFO] -   ensemble: 完全相同 0/1190 (0.00%), 相关性 0.4584
2025-07-26 16:33:19,225 - [INFO] - 生成预测分析图表...
2025-07-26 16:33:22,064 - [INFO] - ✅ Ensemble comparison chart saved to: output/predictions/ensemble_comparison.png
2025-07-26 16:33:23,176 - [INFO] - ✅ Performance analysis chart saved to: output/predictions/performance_analysis.png
2025-07-26 16:33:23,833 - [INFO] - ✅ Last day comparison chart saved to: output/predictions/last_day_comparison.png
2025-07-26 16:33:23,834 - [INFO] - 生成详细报告和性能指标...
2025-07-26 16:33:23,843 - [INFO] - ✅ 详细报告已保存到: output/predictions/detailed_report.md
2025-07-26 16:33:23,851 - [INFO] - ✅ 性能指标已保存到: output/predictions/performance_metrics.json
2025-07-26 16:33:23,851 - [INFO] - 步驟 3: 顯示預測結果摘要...
2025-07-26 16:33:23,851 - [INFO] - ==================================================
2025-07-26 16:33:23,851 - [INFO] - 預測結果摘要:
2025-07-26 16:33:23,854 - [INFO] - ==================================================
2025-07-26 16:33:23,854 - [INFO] - 數據記錄數: 1190
2025-07-26 16:33:23,854 - [INFO] - 預測列數: 0
2025-07-26 16:33:23,855 - [INFO] - 實際價格範圍: 0.00 - 670.00 CNY/MWh
2025-07-26 16:33:23,856 - [INFO] - 實際價格均值: 388.48 CNY/MWh
2025-07-26 16:33:23,857 - [INFO] - ✅ 預測結果分析完成！
2025-07-26 16:33:23,857 - [INFO] - 詳細結果請查看: output/predictions/prediction_results.csv
2025-10-24 13:34:41,494 - [INFO] - 步驟 1: 初始化數據處理器...
2025-10-24 13:34:41,495 - [INFO] - 发现 2 个数据文件:
2025-10-24 13:34:41,496 - [INFO] -   - data\rawdata_0501.xlsx
2025-10-24 13:34:41,496 - [INFO] -   - data\rawdata_0601.xlsx
2025-10-24 13:34:41,496 - [INFO] - 加载文件: data\rawdata_0501.xlsx
2025-10-24 13:34:42,588 - [INFO] -   文件 rawdata_0501.xlsx: 2975 条记录
2025-10-24 13:34:42,588 - [INFO] - 加载文件: data\rawdata_0601.xlsx
2025-10-24 13:34:43,062 - [INFO] -   文件 rawdata_0601.xlsx: 2879 条记录
2025-10-24 13:34:43,065 - [INFO] - 合并后总数据: 5854 条记录
2025-10-24 13:34:43,065 - [INFO] - 数据文件概览:
2025-10-24 13:34:43,065 - [INFO] -   rawdata_0501: 2975 条记录 (rawdata_0501.xlsx)
2025-10-24 13:34:43,065 - [INFO] -   rawdata_0601: 2879 条记录 (rawdata_0601.xlsx)
2025-10-24 13:34:43,065 - [INFO] - 数据时间范围: rawdata_0501、rawdata_0601
2025-10-24 13:34:43,066 - [INFO] - 處理後的列名: ['日期', '时刻_00:15:00', '时间_2025-05-01 00:15', '预测竞价空间', '系统负荷预测数据', '联络线预测数据', '新能源出力预测数据', '发电总出力预测数据', '非市场化出力预测数据', '水电出力预测数据', '光伏出力总加预测数据', '风电出力总加预测数据', '系统负荷实际数据', '联络线实际数据', '新能源出力实际数据', '发电总出力实际数据', '非市场化机组实际出力', '水电出力实际数据', '正备用实际数据', '负备用实际数据', '日前出清电价', '日前出清电力', '日前出清机组台数', '实时出清电价', '实时出清电量', '实时出清机组台数', '日期（日）', '时间_00:15:00', '日期_2025-06-01 00:15', '预测竞价空间', '系统负荷预测数据', '联络线预测数据', '新能源出力预测数据', '发电总出力预测数据', '非市场化出力预测数据', '水电出力预测数据', '风电出力总加预测数据', '系统负荷实际数据', '联络线实际数据', '新能源出力实际数据', '发电总出力实际数据', '非市场化机组实际出力', '水电出力实际数据', '正备用实际数据', '负备用实际数据', '日前出清电价', '日前出清电力', '日前出清机组台数', '实时出清电价', '实时出清电量', '实时出清机组台数']
2025-10-24 13:34:43,066 - [INFO] - 使用 时间_2025-05-01 00:15 列作為時間索引
2025-10-24 13:34:43,074 - [INFO] - 找到目標列: 实时出清电价
2025-10-24 13:34:43,075 - [INFO] - 目標列設置為: 实时出清电价
2025-10-24 13:34:43,075 - [INFO] - 進行數據清理...
2025-10-24 13:34:43,085 - [WARNING] - 預測日期 2025-06-18 在數據範圍之外。將創建空模板用於預測。
2025-10-24 13:34:43,092 - [INFO] - 數據預處理完成，共 5950 筆記錄，時間範圍: 2025-05-01 00:30:00 - 2025-06-18 23:45:00
2025-10-24 13:34:43,092 - [INFO] - 数据加载和预处理完成
2025-10-24 13:34:43,092 - [INFO] - 步骤 2: 重新训练模型并生成预测...
2025-10-24 13:34:43,093 - [INFO] - 删除旧的预测结果文件，重新生成无数据泄露的预测
2025-10-24 13:34:43,093 - [INFO] - 找到的目标列: ['实时出清电价', '实时出清电价']
2025-10-24 13:34:43,093 - [WARNING] - 发现多个目标列，使用第一个: 实时出清电价
2025-10-24 13:34:43,094 - [INFO] - 目标列: 实时出清电价
2025-10-24 13:34:43,094 - [INFO] - 数据时间范围: 2025-05-01 00:30:00 到 2025-06-18 23:45:00
2025-10-24 13:34:43,094 - [INFO] - 目标值形状: (5950,)
2025-10-24 13:34:43,094 - [INFO] - 时间戳形状: (5950,)
2025-10-24 13:34:43,095 - [INFO] - hour特征形状: (5950,)
2025-10-24 13:34:43,095 - [INFO] - 训练集大小: 4760 (时间: 2025-05-01 00:30:00 到 NaT)
2025-10-24 13:34:43,095 - [INFO] - 测试集大小: 1190 (时间: NaT 到 2025-06-18 23:45:00)
2025-10-24 13:34:43,095 - [INFO] - 特征数量: 5
2025-10-24 13:34:43,101 - [INFO] - 缺失值处理完成
2025-10-24 13:34:43,101 - [INFO] - 训练历史同期模型（修复数据泄露）...
2025-10-24 13:34:43,221 - [INFO] - 训练随机森林模型...
2025-10-24 13:34:43,221 - [INFO] - 開始訓練隨機森林模型...
2025-10-24 13:34:43,222 - [INFO] - 使用 10 次迭代和 3 折交叉驗證進行超參數搜索
2025-10-24 13:34:51,840 - [INFO] - 隨機森林模型訓練完成，最佳參數: {'n_estimators': 200, 'min_samples_split': 2, 'min_samples_leaf': 4, 'max_depth': 20, 'bootstrap': True}
2025-10-24 13:34:51,841 - [INFO] - 前5個重要特徵: {'feature_4': 0.8265378527281582, 'feature_0': 0.0735294496844975, 'feature_2': 0.06898586801231495, 'feature_1': 0.030830349165694836, 'feature_3': 0.00011648040933454824}
2025-10-24 13:34:51,861 - [INFO] - 隨機森林模型預測完成，結果大小: 1190
2025-10-24 13:34:51,861 - [INFO] - 训练线性回归模型...
2025-10-24 13:34:51,861 - [INFO] - 开始训练线性回归模型...
2025-10-24 13:34:51,863 - [INFO] - 快速模式：使用普通线性回归
2025-10-24 13:34:51,928 - [INFO] - 线性回归模型训练完成，耗时 0.07 秒
2025-10-24 13:34:51,928 - [INFO] - 选择的模型类型: linear
2025-10-24 13:34:51,929 - [INFO] - 最佳参数: {'model_type': 'linear'}
2025-10-24 13:34:51,931 - [INFO] - 训练梯度提升模型(GBDT)...
2025-10-24 13:34:51,931 - [INFO] - 开始训练梯度提升决策树(GBDT)模型...
2025-10-24 13:34:51,931 - [INFO] - 快速模式：使用默认参数训练GBDT模型
2025-10-24 13:34:52,291 - [INFO] - GBDT模型训练完成，耗时 0.36 秒
2025-10-24 13:34:52,291 - [INFO] - 最佳参数: {'alpha': 0.9, 'ccp_alpha': 0.0, 'criterion': 'friedman_mse', 'init': None, 'learning_rate': 0.1, 'loss': 'squared_error', 'max_depth': 5, 'max_features': None, 'max_leaf_nodes': None, 'min_impurity_decrease': 0.0, 'min_samples_leaf': 1, 'min_samples_split': 2, 'min_weight_fraction_leaf': 0.0, 'n_estimators': 100, 'n_iter_no_change': None, 'random_state': 42, 'subsample': 1.0, 'tol': 0.0001, 'validation_fraction': 0.1, 'verbose': 0, 'warm_start': False}
2025-10-24 13:34:52,291 - [INFO] - 前5个重要特征: {4: 0.8182575974452504, 0: 0.07536699804636404, 2: 0.07061761145409097, 1: 0.03311137531397082, 3: 0.0026464177403238277}
2025-10-24 13:34:52,293 - [INFO] - 训练XGBoost模型...
2025-10-24 13:34:52,293 - [INFO] - 開始XGBoost模型訓練...
2025-10-24 13:34:52,294 - [INFO] - 使用 20 次迭代和 3 折交叉驗證進行超參數搜索
2025-10-24 13:34:56,456 - [INFO] - XGBoost模型訓練完成，耗時 4.16 秒
2025-10-24 13:34:56,456 - [INFO] - 最佳參數: {'subsample': 0.7, 'n_estimators': 300, 'min_child_weight': 5, 'max_depth': 3, 'learning_rate': 0.01, 'colsample_bytree': 0.7}
2025-10-24 13:34:56,457 - [INFO] - 前5個重要特徵: {4: 0.6003208160400391, 2: 0.14739802479743958, 3: 0.12424860894680023, 0: 0.06699778139591217, 1: 0.06103474646806717}
2025-10-24 13:34:56,458 - [INFO] - XGBoost模型训练完成
2025-10-24 13:34:56,458 - [INFO] - 生成智能集成预测...
2025-10-24 13:34:56,459 - [INFO] - 开始智能集成模型训练，候选模型: ['historical', 'random_forest', 'linear_regression', 'gradient_boosting', 'xgboost']
2025-10-24 13:34:56,461 - [INFO] - 模型 historical: MAE=34.34, RMSE=61.61, R²=-0.1000
2025-10-24 13:34:56,462 - [INFO] - 模型 random_forest: MAE=22.28, RMSE=55.41, R²=0.1103
2025-10-24 13:34:56,464 - [INFO] - 模型 linear_regression: MAE=24.47, RMSE=54.06, R²=0.1530
2025-10-24 13:34:56,466 - [INFO] - 模型 gradient_boosting: MAE=21.49, RMSE=55.17, R²=0.1179
2025-10-24 13:34:56,468 - [INFO] - 模型 xgboost: MAE=22.67, RMSE=52.57, R²=0.1991
2025-10-24 13:34:56,468 - [INFO] - Top-K筛选: 选择前4个最佳模型
2025-10-24 13:34:56,468 - [INFO] - 最终选择的模型: ['gradient_boosting', 'random_forest', 'xgboost', 'linear_regression']
2025-10-24 13:34:56,468 - [INFO] - 被排除的模型: ['historical']
2025-10-24 13:34:56,469 - [INFO] -   historical: MAE=34.34, RMSE=61.61, R²=-0.1000
2025-10-24 13:34:56,469 - [INFO] - 集成权重分配:
2025-10-24 13:34:56,469 - [INFO] -   gradient_boosting: 0.2638
2025-10-24 13:34:56,469 - [INFO] -   random_forest: 0.2544
2025-10-24 13:34:56,469 - [INFO] -   xgboost: 0.2501
2025-10-24 13:34:56,469 - [INFO] -   linear_regression: 0.2317
2025-10-24 13:34:56,469 - [INFO] - 集成预测生成完成，预测长度: 1190
2025-10-24 13:34:56,470 - [INFO] - ✅ 智能集成完成，选择了 4 个模型: ['gradient_boosting', 'random_forest', 'xgboost', 'linear_regression']
2025-10-24 13:34:56,837 - [INFO] - ✅ 修复数据泄露后的预测结果已保存到: output/predictions/prediction_results.csv
2025-10-24 13:34:56,837 - [INFO] - 验证数据泄露修复效果:
2025-10-24 13:34:56,902 - [INFO] -   historical: 完全相同 0/1190 (0.00%), 相关性 -0.0214
2025-10-24 13:34:56,904 - [INFO] -   random_forest: 完全相同 7/1190 (0.59%), 相关性 0.4035
2025-10-24 13:34:56,905 - [INFO] -   linear_regression: 完全相同 0/1190 (0.00%), 相关性 0.4483
2025-10-24 13:34:56,906 - [INFO] -   gradient_boosting: 完全相同 0/1190 (0.00%), 相关性 0.4049
2025-10-24 13:34:56,907 - [INFO] -   xgboost: 完全相同 0/1190 (0.00%), 相关性 0.4716
2025-10-24 13:34:56,908 - [INFO] -   ensemble: 完全相同 0/1190 (0.00%), 相关性 0.4583
2025-10-24 13:34:56,909 - [INFO] - 生成预测分析图表...
2025-10-24 13:34:59,367 - [INFO] - ✅ Ensemble comparison chart saved to: output/predictions/ensemble_comparison.png
2025-10-24 13:35:00,357 - [INFO] - ✅ Performance analysis chart saved to: output/predictions/performance_analysis.png
2025-10-24 13:35:00,988 - [INFO] - ✅ Last day comparison chart saved to: output/predictions/last_day_comparison.png
2025-10-24 13:35:00,989 - [INFO] - 生成详细报告和性能指标...
2025-10-24 13:35:00,997 - [INFO] - ✅ 详细报告已保存到: output/predictions/detailed_report.md
2025-10-24 13:35:01,008 - [INFO] - ✅ 性能指标已保存到: output/predictions/performance_metrics.json
2025-10-24 13:35:01,008 - [INFO] - 步驟 3: 顯示預測結果摘要...
2025-10-24 13:35:01,009 - [INFO] - ==================================================
2025-10-24 13:35:01,010 - [INFO] - 預測結果摘要:
2025-10-24 13:35:01,010 - [INFO] - ==================================================
2025-10-24 13:35:01,010 - [INFO] - 數據記錄數: 1190
2025-10-24 13:35:01,010 - [INFO] - 預測列數: 0
2025-10-24 13:35:01,012 - [INFO] - 實際價格範圍: 0.00 - 670.00 CNY/MWh
2025-10-24 13:35:01,012 - [INFO] - 實際價格均值: 388.48 CNY/MWh
2025-10-24 13:35:01,012 - [INFO] - ✅ 預測結果分析完成！
2025-10-24 13:35:01,012 - [INFO] - 詳細結果請查看: output/predictions/prediction_results.csv
